<?xml version="1.0" encoding="UTF-8"?>
<testng-results ignored="0" total="3" passed="2" failed="1" skipped="0">
  <reporter-output>
  </reporter-output>
  <suite started-at="2024-06-25T14:51:33 IST" name="All Test Suite" finished-at="2024-06-25T14:52:07 IST" duration-ms="33804">
    <groups>
    </groups>
    <test started-at="2024-06-25T14:51:33 IST" name="/Users/nagarajans/Documents/Automation/SwapaWorkbook" finished-at="2024-06-25T14:52:07 IST" duration-ms="33804">
      <class name="com.test.pilotPollingFormTest_N">
        <test-method is-config="true" signature="OpenBrowser()[pri:0, instance:com.test.pilotPollingFormTest_N@53ca01a2]" started-at="2024-06-25T14:51:33 IST" name="OpenBrowser" finished-at="2024-06-25T14:51:45 IST" duration-ms="11869" status="PASS">
          <reporter-output>
          </reporter-output>
        </test-method> <!-- OpenBrowser -->
        <test-method signature="loginToSwapaApp()[pri:1, instance:com.test.pilotPollingFormTest_N@53ca01a2]" started-at="2024-06-25T14:51:45 IST" name="loginToSwapaApp" finished-at="2024-06-25T14:51:49 IST" duration-ms="4262" status="PASS">
          <reporter-output>
          </reporter-output>
        </test-method> <!-- loginToSwapaApp -->
        <test-method signature="navigateToPilotPoling()[pri:2, instance:com.test.pilotPollingFormTest_N@53ca01a2]" started-at="2024-06-25T14:51:49 IST" name="navigateToPilotPoling" finished-at="2024-06-25T14:52:05 IST" duration-ms="16221" status="PASS">
          <reporter-output>
          </reporter-output>
        </test-method> <!-- navigateToPilotPoling -->
        <test-method signature="fillPilotPollingForm()[pri:3, instance:com.test.pilotPollingFormTest_N@53ca01a2]" started-at="2024-06-25T14:52:05 IST" name="fillPilotPollingForm" finished-at="2024-06-25T14:52:05 IST" duration-ms="376" status="FAIL">
          <exception class="java.lang.AssertionError">
            <message>
              <![CDATA[The following asserts failed:
Error Message Mismatch expected [This field  required.] but found [This field is required.]]]>
            </message>
            <full-stacktrace>
              <![CDATA[java.lang.AssertionError: The following asserts failed:
Error Message Mismatch expected [This field  required.] but found [This field is required.]
at org.testng.asserts.SoftAssert.assertAll(SoftAssert.java:46)
at org.testng.asserts.SoftAssert.assertAll(SoftAssert.java:30)
at com.pageobject.pilotPollingFormPage.SetSubmitButton_N(pilotPollingFormPage.java:337)
at com.test.pilotPollingFormTest_N.fillPilotPollingForm(pilotPollingFormTest_N.java:92)
at java.base/jdk.internal.reflect.DirectMethodHandleAccessor.invoke(DirectMethodHandleAccessor.java:103)
at java.base/java.lang.reflect.Method.invoke(Method.java:580)
at org.testng.internal.invokers.MethodInvocationHelper.invokeMethod(MethodInvocationHelper.java:139)
at org.testng.internal.invokers.TestInvoker.invokeMethod(TestInvoker.java:664)
at org.testng.internal.invokers.TestInvoker.invokeTestMethod(TestInvoker.java:228)
at org.testng.internal.invokers.MethodRunner.runInSequence(MethodRunner.java:63)
at org.testng.internal.invokers.TestInvoker$MethodInvocationAgent.invoke(TestInvoker.java:961)
at org.testng.internal.invokers.TestInvoker.invokeTestMethods(TestInvoker.java:201)
at org.testng.internal.invokers.TestMethodWorker.invokeTestMethods(TestMethodWorker.java:148)
at org.testng.internal.invokers.TestMethodWorker.run(TestMethodWorker.java:128)
at java.base/java.util.ArrayList.forEach(ArrayList.java:1596)
at org.testng.TestRunner.privateRun(TestRunner.java:819)
at org.testng.TestRunner.run(TestRunner.java:619)
at org.testng.SuiteRunner.runTest(SuiteRunner.java:443)
at org.testng.SuiteRunner.runSequentially(SuiteRunner.java:437)
at org.testng.SuiteRunner.privateRun(SuiteRunner.java:397)
at org.testng.SuiteRunner.run(SuiteRunner.java:336)
at org.testng.SuiteRunnerWorker.runSuite(SuiteRunnerWorker.java:52)
at org.testng.SuiteRunnerWorker.run(SuiteRunnerWorker.java:95)
at org.testng.TestNG.runSuitesSequentially(TestNG.java:1301)
at org.testng.TestNG.runSuitesLocally(TestNG.java:1228)
at org.testng.TestNG.runSuites(TestNG.java:1134)
at org.testng.TestNG.run(TestNG.java:1101)
at com.intellij.rt.testng.IDEARemoteTestNG.run(IDEARemoteTestNG.java:65)
at com.intellij.rt.testng.RemoteTestNGStarter.main(RemoteTestNGStarter.java:105)
]]>
            </full-stacktrace>
          </exception> <!-- java.lang.AssertionError -->
          <reporter-output>
          </reporter-output>
        </test-method> <!-- fillPilotPollingForm -->
        <test-method is-config="true" signature="CloseBrowser()[pri:0, instance:com.test.pilotPollingFormTest_N@53ca01a2]" started-at="2024-06-25T14:52:05 IST" name="CloseBrowser" finished-at="2024-06-25T14:52:07 IST" duration-ms="1055" status="PASS">
          <reporter-output>
          </reporter-output>
        </test-method> <!-- CloseBrowser -->
      </class> <!-- com.test.pilotPollingFormTest_N -->
    </test> <!-- /Users/nagarajans/Documents/Automation/SwapaWorkbook -->
  </suite> <!-- All Test Suite -->
</testng-results>
